# JRE version: Java(TM) SE Runtime Environment (8.0_181-b13) (build 1.8.0_181-b13)
# Java VM: Java HotSpot(TM) 64-Bit Server VM (25.181-b13 mixed mode linux-amd64 compressed oops)
Heap:
 PSYoungGen      total 148992K, used 1525K [0x00000000ebf00000, 0x00000000f5880000, 0x0000000100000000)
  eden space 140800K, 0% used [0x00000000ebf00000,0x00000000ebf00000,0x00000000f4880000)
  from space 8192K, 18% used [0x00000000f4880000,0x00000000f49fd530,0x00000000f5080000)
  to   space 7168K, 0% used [0x00000000f5180000,0x00000000f5180000,0x00000000f5880000)
 ParOldGen       total 28672K, used 23045K [0x00000000c3c00000, 0x00000000c5800000, 0x00000000ebf00000)
  object space 28672K, 80% used [0x00000000c3c00000,0x00000000c5281520,0x00000000c5800000)
 Metaspace       used 33795K, capacity 35324K, committed 35456K, reserved 1079296K
  class space    used 4651K, capacity 4959K, committed 4992K, reserved 1048576K
GC Heap History (10 events):
Event: 14,699 GC heap after
Heap after GC invocations=9 (full 1):
 PSYoungGen      total 69632K, used 0K [0x00000000ebf00000, 0x00000000f0900000, 0x0000000100000000)
  eden space 63488K, 0% used [0x00000000ebf00000,0x00000000ebf00000,0x00000000efd00000)
  from space 6144K, 0% used [0x00000000f0300000,0x00000000f0300000,0x00000000f0900000)
  to   space 6144K, 0% used [0x00000000efd00000,0x00000000efd00000,0x00000000f0300000)
 ParOldGen       total 28672K, used 7219K [0x00000000c3c00000, 0x00000000c5800000, 0x00000000ebf00000)
  object space 28672K, 25% used [0x00000000c3c00000,0x00000000c430cea0,0x00000000c5800000)
 Metaspace       used 20649K, capacity 21248K, committed 21296K, reserved 1067008K
  class space    used 2762K, capacity 2931K, committed 2944K, reserved 1048576K
}
Event: 16,057 GC heap before
{Heap before GC invocations=10 (full 1):
 PSYoungGen      total 69632K, used 63488K [0x00000000ebf00000, 0x00000000f0900000, 0x0000000100000000)
  eden space 63488K, 100% used [0x00000000ebf00000,0x00000000efd00000,0x00000000efd00000)
  from space 6144K, 0% used [0x00000000f0300000,0x00000000f0300000,0x00000000f0900000)
  to   space 6144K, 0% used [0x00000000efd00000,0x00000000efd00000,0x00000000f0300000)
 ParOldGen       total 28672K, used 7219K [0x00000000c3c00000, 0x00000000c5800000, 0x00000000ebf00000)
  object space 28672K, 25% used [0x00000000c3c00000,0x00000000c430cea0,0x00000000c5800000)
 Metaspace       used 22562K, capacity 23360K, committed 23552K, reserved 1069056K
  class space    used 3030K, capacity 3235K, committed 3328K, reserved 1048576K
Event: 16,064 GC heap after
Heap after GC invocations=10 (full 1):
 PSYoungGen      total 69632K, used 4868K [0x00000000ebf00000, 0x00000000f2800000, 0x0000000100000000)
  eden space 63488K, 0% used [0x00000000ebf00000,0x00000000ebf00000,0x00000000efd00000)
  from space 6144K, 79% used [0x00000000efd00000,0x00000000f01c12e8,0x00000000f0300000)
  to   space 6656K, 0% used [0x00000000f2180000,0x00000000f2180000,0x00000000f2800000)
 ParOldGen       total 28672K, used 7227K [0x00000000c3c00000, 0x00000000c5800000, 0x00000000ebf00000)
  object space 28672K, 25% used [0x00000000c3c00000,0x00000000c430eea0,0x00000000c5800000)
 Metaspace       used 22562K, capacity 23360K, committed 23552K, reserved 1069056K
  class space    used 3030K, capacity 3235K, committed 3328K, reserved 1048576K
}
Event: 21,435 GC heap before
{Heap before GC invocations=11 (full 1):
 PSYoungGen      total 69632K, used 68356K [0x00000000ebf00000, 0x00000000f2800000, 0x0000000100000000)
  eden space 63488K, 100% used [0x00000000ebf00000,0x00000000efd00000,0x00000000efd00000)
  from space 6144K, 79% used [0x00000000efd00000,0x00000000f01c12e8,0x00000000f0300000)
  to   space 6656K, 0% used [0x00000000f2180000,0x00000000f2180000,0x00000000f2800000)
 ParOldGen       total 28672K, used 7227K [0x00000000c3c00000, 0x00000000c5800000, 0x00000000ebf00000)
  object space 28672K, 25% used [0x00000000c3c00000,0x00000000c430eea0,0x00000000c5800000)
 Metaspace       used 26047K, capacity 27122K, committed 27392K, reserved 1073152K
  class space    used 3553K, capacity 3804K, committed 3840K, reserved 1048576K
Event: 21,450 GC heap after
Heap after GC invocations=11 (full 1):
 PSYoungGen      total 98816K, used 6633K [0x00000000ebf00000, 0x00000000f2a80000, 0x0000000100000000)
  eden space 92160K, 0% used [0x00000000ebf00000,0x00000000ebf00000,0x00000000f1900000)
  from space 6656K, 99% used [0x00000000f2180000,0x00000000f27fa5d0,0x00000000f2800000)
  to   space 8704K, 0% used [0x00000000f1900000,0x00000000f1900000,0x00000000f2180000)
 ParOldGen       total 28672K, used 11170K [0x00000000c3c00000, 0x00000000c5800000, 0x00000000ebf00000)
  object space 28672K, 38% used [0x00000000c3c00000,0x00000000c46e8990,0x00000000c5800000)
 Metaspace       used 26047K, capacity 27122K, committed 27392K, reserved 1073152K
  class space    used 3553K, capacity 3804K, committed 3840K, reserved 1048576K
}
Event: 31,806 GC heap before
{Heap before GC invocations=12 (full 1):
 PSYoungGen      total 98816K, used 98737K [0x00000000ebf00000, 0x00000000f2a80000, 0x0000000100000000)
  eden space 92160K, 99% used [0x00000000ebf00000,0x00000000f18f2060,0x00000000f1900000)
  from space 6656K, 99% used [0x00000000f2180000,0x00000000f27fa5d0,0x00000000f2800000)
  to   space 8704K, 0% used [0x00000000f1900000,0x00000000f1900000,0x00000000f2180000)
 ParOldGen       total 28672K, used 11170K [0x00000000c3c00000, 0x00000000c5800000, 0x00000000ebf00000)
  object space 28672K, 38% used [0x00000000c3c00000,0x00000000c46e8990,0x00000000c5800000)
 Metaspace       used 29014K, capacity 30448K, committed 30720K, reserved 1075200K
  class space    used 3933K, capacity 4233K, committed 4352K, reserved 1048576K
Event: 33,762 GC heap after
Heap after GC invocations=12 (full 1):
 PSYoungGen      total 100864K, used 5357K [0x00000000ebf00000, 0x00000000f5a00000, 0x0000000100000000)
  eden space 92160K, 0% used [0x00000000ebf00000,0x00000000ebf00000,0x00000000f1900000)
  from space 8704K, 61% used [0x00000000f1900000,0x00000000f1e3b568,0x00000000f2180000)
  to   space 8704K, 0% used [0x00000000f5180000,0x00000000f5180000,0x00000000f5a00000)
 ParOldGen       total 28672K, used 17763K [0x00000000c3c00000, 0x00000000c5800000, 0x00000000ebf00000)
  object space 28672K, 61% used [0x00000000c3c00000,0x00000000c4d58cb8,0x00000000c5800000)
 Metaspace       used 29014K, capacity 30448K, committed 30720K, reserved 1075200K
  class space    used 3933K, capacity 4233K, committed 4352K, reserved 1048576K
}
Event: 289,395 GC heap before
{Heap before GC invocations=13 (full 1):
 PSYoungGen      total 100864K, used 97517K [0x00000000ebf00000, 0x00000000f5a00000, 0x0000000100000000)
  eden space 92160K, 100% used [0x00000000ebf00000,0x00000000f1900000,0x00000000f1900000)
  from space 8704K, 61% used [0x00000000f1900000,0x00000000f1e3b568,0x00000000f2180000)
  to   space 8704K, 0% used [0x00000000f5180000,0x00000000f5180000,0x00000000f5a00000)
 ParOldGen       total 28672K, used 17763K [0x00000000c3c00000, 0x00000000c5800000, 0x00000000ebf00000)
  object space 28672K, 61% used [0x00000000c3c00000,0x00000000c4d58cb8,0x00000000c5800000)
 Metaspace       used 32400K, capacity 33930K, committed 34176K, reserved 1079296K
  class space    used 4414K, capacity 4732K, committed 4736K, reserved 1048576K
Event: 295,733 GC heap after
Heap after GC invocations=13 (full 1):
 PSYoungGen      total 147968K, used 5012K [0x00000000ebf00000, 0x00000000f5880000, 0x0000000100000000)
  eden space 140800K, 0% used [0x00000000ebf00000,0x00000000ebf00000,0x00000000f4880000)
  from space 7168K, 69% used [0x00000000f5180000,0x00000000f5665070,0x00000000f5880000)
  to   space 8192K, 0% used [0x00000000f4880000,0x00000000f4880000,0x00000000f5080000)
 ParOldGen       total 28672K, used 20627K [0x00000000c3c00000, 0x00000000c5800000, 0x00000000ebf00000)
  object space 28672K, 71% used [0x00000000c3c00000,0x00000000c5024d18,0x00000000c5800000)
 Metaspace       used 32400K, capacity 33930K, committed 34176K, reserved 1079296K
  class space    used 4414K, capacity 4732K, committed 4736K, reserved 1048576K
}
Event: 368,683 GC heap before
{Heap before GC invocations=14 (full 1):
 PSYoungGen      total 147968K, used 29079K [0x00000000ebf00000, 0x00000000f5880000, 0x0000000100000000)
  eden space 140800K, 17% used [0x00000000ebf00000,0x00000000ed680c70,0x00000000f4880000)
  from space 7168K, 69% used [0x00000000f5180000,0x00000000f5665070,0x00000000f5880000)
  to   space 8192K, 0% used [0x00000000f4880000,0x00000000f4880000,0x00000000f5080000)
 ParOldGen       total 28672K, used 20627K [0x00000000c3c00000, 0x00000000c5800000, 0x00000000ebf00000)
  object space 28672K, 71% used [0x00000000c3c00000,0x00000000c5024d18,0x00000000c5800000)
 Metaspace       used 33795K, capacity 35324K, committed 35456K, reserved 1079296K
  class space    used 4651K, capacity 4959K, committed 4992K, reserved 1048576K

